# JRE version: Java(TM) SE Runtime Environment (8.0_171-b11) (build 1.8.0_171-b11)
# Java VM: Java HotSpot(TM) 64-Bit Server VM (25.171-b11 mixed mode linux-amd64 compressed oops)
Heap:
 PSYoungGen      total 274944K, used 31008K [0x00000000d8000000, 0x00000000eba00000, 0x0000000100000000)
  eden space 237056K, 0% used [0x00000000d8000000,0x00000000d8000000,0x00000000e6780000)
  from space 37888K, 81% used [0x00000000e6780000,0x00000000e85c8000,0x00000000e8c80000)
  to   space 29184K, 0% used [0x00000000e8c80000,0x00000000e8c80000,0x00000000ea900000)
 ParOldGen       total 81920K, used 60241K [0x0000000088000000, 0x000000008d000000, 0x00000000d8000000)
  object space 81920K, 73% used [0x0000000088000000,0x000000008bad4418,0x000000008d000000)
 Metaspace       used 6515K, capacity 6958K, committed 7040K, reserved 1056768K
  class space    used 726K, capacity 837K, committed 896K, reserved 1048576K
GC Heap History (10 events):
Event: 1,665 GC heap after
Heap after GC invocations=2 (full 0):
 PSYoungGen      total 66560K, used 5104K [0x00000000d8000000, 0x00000000dc600000, 0x0000000100000000)
  eden space 61440K, 0% used [0x00000000d8000000,0x00000000d8000000,0x00000000dbc00000)
  from space 5120K, 99% used [0x00000000dc100000,0x00000000dc5fc050,0x00000000dc600000)
  to   space 5120K, 0% used [0x00000000dbc00000,0x00000000dbc00000,0x00000000dc100000)
 ParOldGen       total 81920K, used 8764K [0x0000000088000000, 0x000000008d000000, 0x00000000d8000000)
  object space 81920K, 10% used [0x0000000088000000,0x000000008888f358,0x000000008d000000)
 Metaspace       used 6507K, capacity 6958K, committed 7040K, reserved 1056768K
  class space    used 726K, capacity 837K, committed 896K, reserved 1048576K
}
Event: 1,992 GC heap before
{Heap before GC invocations=3 (full 0):
 PSYoungGen      total 66560K, used 66544K [0x00000000d8000000, 0x00000000dc600000, 0x0000000100000000)
  eden space 61440K, 100% used [0x00000000d8000000,0x00000000dbc00000,0x00000000dbc00000)
  from space 5120K, 99% used [0x00000000dc100000,0x00000000dc5fc050,0x00000000dc600000)
  to   space 5120K, 0% used [0x00000000dbc00000,0x00000000dbc00000,0x00000000dc100000)
 ParOldGen       total 81920K, used 8764K [0x0000000088000000, 0x000000008d000000, 0x00000000d8000000)
  object space 81920K, 10% used [0x0000000088000000,0x000000008888f358,0x000000008d000000)
 Metaspace       used 6512K, capacity 6958K, committed 7040K, reserved 1056768K
  class space    used 726K, capacity 837K, committed 896K, reserved 1048576K
Event: 2,035 GC heap after
Heap after GC invocations=3 (full 0):
 PSYoungGen      total 66560K, used 5104K [0x00000000d8000000, 0x00000000e0200000, 0x0000000100000000)
  eden space 61440K, 0% used [0x00000000d8000000,0x00000000d8000000,0x00000000dbc00000)
  from space 5120K, 99% used [0x00000000dbc00000,0x00000000dc0fc050,0x00000000dc100000)
  to   space 5120K, 0% used [0x00000000dfd00000,0x00000000dfd00000,0x00000000e0200000)
 ParOldGen       total 81920K, used 33412K [0x0000000088000000, 0x000000008d000000, 0x00000000d8000000)
  object space 81920K, 40% used [0x0000000088000000,0x000000008a0a1358,0x000000008d000000)
 Metaspace       used 6512K, capacity 6958K, committed 7040K, reserved 1056768K
  class space    used 726K, capacity 837K, committed 896K, reserved 1048576K
}
Event: 2,330 GC heap before
{Heap before GC invocations=4 (full 0):
 PSYoungGen      total 66560K, used 66544K [0x00000000d8000000, 0x00000000e0200000, 0x0000000100000000)
  eden space 61440K, 100% used [0x00000000d8000000,0x00000000dbc00000,0x00000000dbc00000)
  from space 5120K, 99% used [0x00000000dbc00000,0x00000000dc0fc050,0x00000000dc100000)
  to   space 5120K, 0% used [0x00000000dfd00000,0x00000000dfd00000,0x00000000e0200000)
 ParOldGen       total 81920K, used 33412K [0x0000000088000000, 0x000000008d000000, 0x00000000d8000000)
  object space 81920K, 40% used [0x0000000088000000,0x000000008a0a1358,0x000000008d000000)
 Metaspace       used 6514K, capacity 6958K, committed 7040K, reserved 1056768K
  class space    used 726K, capacity 837K, committed 896K, reserved 1048576K
Event: 2,354 GC heap after
Heap after GC invocations=4 (full 0):
 PSYoungGen      total 128000K, used 5088K [0x00000000d8000000, 0x00000000e0200000, 0x0000000100000000)
  eden space 122880K, 0% used [0x00000000d8000000,0x00000000d8000000,0x00000000df800000)
  from space 5120K, 99% used [0x00000000dfd00000,0x00000000e01f8030,0x00000000e0200000)
  to   space 5120K, 0% used [0x00000000df800000,0x00000000df800000,0x00000000dfd00000)
 ParOldGen       total 81920K, used 39148K [0x0000000088000000, 0x000000008d000000, 0x00000000d8000000)
  object space 81920K, 47% used [0x0000000088000000,0x000000008a63b378,0x000000008d000000)
 Metaspace       used 6514K, capacity 6958K, committed 7040K, reserved 1056768K
  class space    used 726K, capacity 837K, committed 896K, reserved 1048576K
}
Event: 2,823 GC heap before
{Heap before GC invocations=5 (full 0):
 PSYoungGen      total 128000K, used 127968K [0x00000000d8000000, 0x00000000e0200000, 0x0000000100000000)
  eden space 122880K, 100% used [0x00000000d8000000,0x00000000df800000,0x00000000df800000)
  from space 5120K, 99% used [0x00000000dfd00000,0x00000000e01f8030,0x00000000e0200000)
  to   space 5120K, 0% used [0x00000000df800000,0x00000000df800000,0x00000000dfd00000)
 ParOldGen       total 81920K, used 39148K [0x0000000088000000, 0x000000008d000000, 0x00000000d8000000)
  object space 81920K, 47% used [0x0000000088000000,0x000000008a63b378,0x000000008d000000)
 Metaspace       used 6515K, capacity 6958K, committed 7040K, reserved 1056768K
  class space    used 726K, capacity 837K, committed 896K, reserved 1048576K
Event: 2,877 GC heap after
Heap after GC invocations=5 (full 0):
 PSYoungGen      total 128000K, used 5088K [0x00000000d8000000, 0x00000000ea900000, 0x0000000100000000)
  eden space 122880K, 0% used [0x00000000d8000000,0x00000000d8000000,0x00000000df800000)
  from space 5120K, 99% used [0x00000000df800000,0x00000000dfcf8050,0x00000000dfd00000)
  to   space 29184K, 0% used [0x00000000e8c80000,0x00000000e8c80000,0x00000000ea900000)
 ParOldGen       total 81920K, used 52892K [0x0000000088000000, 0x000000008d000000, 0x00000000d8000000)
  object space 81920K, 64% used [0x0000000088000000,0x000000008b3a7388,0x000000008d000000)
 Metaspace       used 6515K, capacity 6958K, committed 7040K, reserved 1056768K
  class space    used 726K, capacity 837K, committed 896K, reserved 1048576K
}
Event: 3,253 GC heap before
{Heap before GC invocations=6 (full 0):
 PSYoungGen      total 128000K, used 127968K [0x00000000d8000000, 0x00000000ea900000, 0x0000000100000000)
  eden space 122880K, 100% used [0x00000000d8000000,0x00000000df800000,0x00000000df800000)
  from space 5120K, 99% used [0x00000000df800000,0x00000000dfcf8050,0x00000000dfd00000)
  to   space 29184K, 0% used [0x00000000e8c80000,0x00000000e8c80000,0x00000000ea900000)
 ParOldGen       total 81920K, used 52892K [0x0000000088000000, 0x000000008d000000, 0x00000000d8000000)
  object space 81920K, 64% used [0x0000000088000000,0x000000008b3a7388,0x000000008d000000)
 Metaspace       used 6515K, capacity 6958K, committed 7040K, reserved 1056768K
  class space    used 726K, capacity 837K, committed 896K, reserved 1048576K
Event: 3,313 GC heap after
Heap after GC invocations=6 (full 0):
 PSYoungGen      total 266240K, used 29152K [0x00000000d8000000, 0x00000000eba00000, 0x0000000100000000)
  eden space 237056K, 0% used [0x00000000d8000000,0x00000000d8000000,0x00000000e6780000)
  from space 29184K, 99% used [0x00000000e8c80000,0x00000000ea8f8050,0x00000000ea900000)
  to   space 37888K, 0% used [0x00000000e6780000,0x00000000e6780000,0x00000000e8c80000)
 ParOldGen       total 81920K, used 58652K [0x0000000088000000, 0x000000008d000000, 0x00000000d8000000)
  object space 81920K, 71% used [0x0000000088000000,0x000000008b947388,0x000000008d000000)
 Metaspace       used 6515K, capacity 6958K, committed 7040K, reserved 1056768K
  class space    used 726K, capacity 837K, committed 896K, reserved 1048576K
}
Event: 4,262 GC heap before
{Heap before GC invocations=7 (full 0):
 PSYoungGen      total 266240K, used 266208K [0x00000000d8000000, 0x00000000eba00000, 0x0000000100000000)
  eden space 237056K, 100% used [0x00000000d8000000,0x00000000e6780000,0x00000000e6780000)
  from space 29184K, 99% used [0x00000000e8c80000,0x00000000ea8f8050,0x00000000ea900000)
  to   space 37888K, 0% used [0x00000000e6780000,0x00000000e6780000,0x00000000e8c80000)
 ParOldGen       total 81920K, used 58652K [0x0000000088000000, 0x000000008d000000, 0x00000000d8000000)
  object space 81920K, 71% used [0x0000000088000000,0x000000008b947388,0x000000008d000000)
 Metaspace       used 6515K, capacity 6958K, committed 7040K, reserved 1056768K
  class space    used 726K, capacity 837K, committed 896K, reserved 1048576K

