# JRE version: Java(TM) SE Runtime Environment (8.0_171-b11) (build 1.8.0_171-b11)
# Java VM: Java HotSpot(TM) 64-Bit Server VM (25.171-b11 mixed mode linux-amd64 compressed oops)
Heap:
 PSYoungGen      total 274432K, used 28208K [0x00000000d8000000, 0x00000000ed000000, 0x0000000100000000)
  eden space 225280K, 0% used [0x00000000d8000000,0x00000000d8000000,0x00000000e5c00000)
  from space 49152K, 57% used [0x00000000e5c00000,0x00000000e778c010,0x00000000e8c00000)
  to   space 28672K, 0% used [0x00000000e8c00000,0x00000000e8c00000,0x00000000ea800000)
 ParOldGen       total 96256K, used 32721K [0x0000000088000000, 0x000000008de00000, 0x00000000d8000000)
  object space 96256K, 33% used [0x0000000088000000,0x0000000089ff4638,0x000000008de00000)
 Metaspace       used 6524K, capacity 6958K, committed 7040K, reserved 1056768K
  class space    used 726K, capacity 837K, committed 896K, reserved 1048576K
GC Heap History (10 events):
Event: 1,634 GC heap after
Heap after GC invocations=3 (full 0):
 PSYoungGen      total 66560K, used 5088K [0x00000000d8000000, 0x00000000e0200000, 0x0000000100000000)
  eden space 61440K, 0% used [0x00000000d8000000,0x00000000d8000000,0x00000000dbc00000)
  from space 5120K, 99% used [0x00000000dbc00000,0x00000000dc0f8060,0x00000000dc100000)
  to   space 5120K, 0% used [0x00000000dfd00000,0x00000000dfd00000,0x00000000e0200000)
 ParOldGen       total 81920K, used 34572K [0x0000000088000000, 0x000000008d000000, 0x00000000d8000000)
  object space 81920K, 42% used [0x0000000088000000,0x000000008a1c3358,0x000000008d000000)
 Metaspace       used 6521K, capacity 6958K, committed 7040K, reserved 1056768K
  class space    used 726K, capacity 837K, committed 896K, reserved 1048576K
}
Event: 1,883 GC heap before
{Heap before GC invocations=4 (full 0):
 PSYoungGen      total 66560K, used 66528K [0x00000000d8000000, 0x00000000e0200000, 0x0000000100000000)
  eden space 61440K, 100% used [0x00000000d8000000,0x00000000dbc00000,0x00000000dbc00000)
  from space 5120K, 99% used [0x00000000dbc00000,0x00000000dc0f8060,0x00000000dc100000)
  to   space 5120K, 0% used [0x00000000dfd00000,0x00000000dfd00000,0x00000000e0200000)
 ParOldGen       total 81920K, used 34572K [0x0000000088000000, 0x000000008d000000, 0x00000000d8000000)
  object space 81920K, 42% used [0x0000000088000000,0x000000008a1c3358,0x000000008d000000)
 Metaspace       used 6521K, capacity 6958K, committed 7040K, reserved 1056768K
  class space    used 726K, capacity 837K, committed 896K, reserved 1048576K
Event: 1,914 GC heap after
Heap after GC invocations=4 (full 0):
 PSYoungGen      total 128000K, used 5104K [0x00000000d8000000, 0x00000000e0200000, 0x0000000100000000)
  eden space 122880K, 0% used [0x00000000d8000000,0x00000000d8000000,0x00000000df800000)
  from space 5120K, 99% used [0x00000000dfd00000,0x00000000e01fc040,0x00000000e0200000)
  to   space 5120K, 0% used [0x00000000df800000,0x00000000df800000,0x00000000dfd00000)
 ParOldGen       total 81920K, used 40276K [0x0000000088000000, 0x000000008d000000, 0x00000000d8000000)
  object space 81920K, 49% used [0x0000000088000000,0x000000008a755368,0x000000008d000000)
 Metaspace       used 6521K, capacity 6958K, committed 7040K, reserved 1056768K
  class space    used 726K, capacity 837K, committed 896K, reserved 1048576K
}
Event: 2,949 GC heap before
{Heap before GC invocations=5 (full 0):
 PSYoungGen      total 128000K, used 127984K [0x00000000d8000000, 0x00000000e0200000, 0x0000000100000000)
  eden space 122880K, 100% used [0x00000000d8000000,0x00000000df800000,0x00000000df800000)
  from space 5120K, 99% used [0x00000000dfd00000,0x00000000e01fc040,0x00000000e0200000)
  to   space 5120K, 0% used [0x00000000df800000,0x00000000df800000,0x00000000dfd00000)
 ParOldGen       total 81920K, used 40276K [0x0000000088000000, 0x000000008d000000, 0x00000000d8000000)
  object space 81920K, 49% used [0x0000000088000000,0x000000008a755368,0x000000008d000000)
 Metaspace       used 6522K, capacity 6958K, committed 7040K, reserved 1056768K
  class space    used 726K, capacity 837K, committed 896K, reserved 1048576K
Event: 10,025 GC heap after
Heap after GC invocations=5 (full 0):
 PSYoungGen      total 128000K, used 5088K [0x00000000d8000000, 0x00000000ea800000, 0x0000000100000000)
  eden space 122880K, 0% used [0x00000000d8000000,0x00000000d8000000,0x00000000df800000)
  from space 5120K, 99% used [0x00000000df800000,0x00000000dfcf8050,0x00000000dfd00000)
  to   space 28672K, 0% used [0x00000000e8c00000,0x00000000e8c00000,0x00000000ea800000)
 ParOldGen       total 81920K, used 44476K [0x0000000088000000, 0x000000008d000000, 0x00000000d8000000)
  object space 81920K, 54% used [0x0000000088000000,0x000000008ab6f368,0x000000008d000000)
 Metaspace       used 6522K, capacity 6958K, committed 7040K, reserved 1056768K
  class space    used 726K, capacity 837K, committed 896K, reserved 1048576K
}
Event: 10,726 GC heap before
{Heap before GC invocations=6 (full 0):
 PSYoungGen      total 128000K, used 127968K [0x00000000d8000000, 0x00000000ea800000, 0x0000000100000000)
  eden space 122880K, 100% used [0x00000000d8000000,0x00000000df800000,0x00000000df800000)
  from space 5120K, 99% used [0x00000000df800000,0x00000000dfcf8050,0x00000000dfd00000)
  to   space 28672K, 0% used [0x00000000e8c00000,0x00000000e8c00000,0x00000000ea800000)
 ParOldGen       total 81920K, used 44476K [0x0000000088000000, 0x000000008d000000, 0x00000000d8000000)
  object space 81920K, 54% used [0x0000000088000000,0x000000008ab6f368,0x000000008d000000)
 Metaspace       used 6523K, capacity 6958K, committed 7040K, reserved 1056768K
  class space    used 726K, capacity 837K, committed 896K, reserved 1048576K
Event: 10,867 GC heap after
Heap after GC invocations=6 (full 0):
 PSYoungGen      total 253952K, used 28656K [0x00000000d8000000, 0x00000000ed000000, 0x0000000100000000)
  eden space 225280K, 0% used [0x00000000d8000000,0x00000000d8000000,0x00000000e5c00000)
  from space 28672K, 99% used [0x00000000e8c00000,0x00000000ea7fc040,0x00000000ea800000)
  to   space 49152K, 0% used [0x00000000e5c00000,0x00000000e5c00000,0x00000000e8c00000)
 ParOldGen       total 81920K, used 70756K [0x0000000088000000, 0x000000008d000000, 0x00000000d8000000)
  object space 81920K, 86% used [0x0000000088000000,0x000000008c519368,0x000000008d000000)
 Metaspace       used 6523K, capacity 6958K, committed 7040K, reserved 1056768K
  class space    used 726K, capacity 837K, committed 896K, reserved 1048576K
}
Event: 10,867 GC heap before
{Heap before GC invocations=7 (full 1):
 PSYoungGen      total 253952K, used 28656K [0x00000000d8000000, 0x00000000ed000000, 0x0000000100000000)
  eden space 225280K, 0% used [0x00000000d8000000,0x00000000d8000000,0x00000000e5c00000)
  from space 28672K, 99% used [0x00000000e8c00000,0x00000000ea7fc040,0x00000000ea800000)
  to   space 49152K, 0% used [0x00000000e5c00000,0x00000000e5c00000,0x00000000e8c00000)
 ParOldGen       total 81920K, used 70756K [0x0000000088000000, 0x000000008d000000, 0x00000000d8000000)
  object space 81920K, 86% used [0x0000000088000000,0x000000008c519368,0x000000008d000000)
 Metaspace       used 6523K, capacity 6958K, committed 7040K, reserved 1056768K
  class space    used 726K, capacity 837K, committed 896K, reserved 1048576K
Event: 11,025 GC heap after
Heap after GC invocations=7 (full 1):
 PSYoungGen      total 253952K, used 0K [0x00000000d8000000, 0x00000000ed000000, 0x0000000100000000)
  eden space 225280K, 0% used [0x00000000d8000000,0x00000000d8000000,0x00000000e5c00000)
  from space 28672K, 0% used [0x00000000e8c00000,0x00000000e8c00000,0x00000000ea800000)
  to   space 49152K, 0% used [0x00000000e5c00000,0x00000000e5c00000,0x00000000e8c00000)
 ParOldGen       total 96256K, used 32721K [0x0000000088000000, 0x000000008de00000, 0x00000000d8000000)
  object space 96256K, 33% used [0x0000000088000000,0x0000000089ff4638,0x000000008de00000)
 Metaspace       used 6523K, capacity 6958K, committed 7040K, reserved 1056768K
  class space    used 726K, capacity 837K, committed 896K, reserved 1048576K
}
Event: 11,667 GC heap before
{Heap before GC invocations=8 (full 1):
 PSYoungGen      total 253952K, used 225280K [0x00000000d8000000, 0x00000000ed000000, 0x0000000100000000)
  eden space 225280K, 100% used [0x00000000d8000000,0x00000000e5c00000,0x00000000e5c00000)
  from space 28672K, 0% used [0x00000000e8c00000,0x00000000e8c00000,0x00000000ea800000)
  to   space 49152K, 0% used [0x00000000e5c00000,0x00000000e5c00000,0x00000000e8c00000)
 ParOldGen       total 96256K, used 32721K [0x0000000088000000, 0x000000008de00000, 0x00000000d8000000)
  object space 96256K, 33% used [0x0000000088000000,0x0000000089ff4638,0x000000008de00000)
 Metaspace       used 6524K, capacity 6958K, committed 7040K, reserved 1056768K
  class space    used 726K, capacity 837K, committed 896K, reserved 1048576K

